<?xml version="1.0" encoding="UTF-8" ?>
<testsuite failures="0" time="0.51" errors="0" skipped="0" tests="1" name="cn.wang.oaA.test.UserTest">
  <properties>
    <property name="java.runtime.name" value="Java(TM) SE Runtime Environment"/>
    <property name="sun.boot.library.path" value="C:\Program Files\Java\jdk1.7.0_17\jre\bin"/>
    <property name="java.vm.version" value="23.7-b01"/>
    <property name="java.vm.vendor" value="Oracle Corporation"/>
    <property name="java.vendor.url" value="http://java.oracle.com/"/>
    <property name="path.separator" value=";"/>
    <property name="guice.disable.misplaced.annotation.check" value="true"/>
    <property name="java.vm.name" value="Java HotSpot(TM) 64-Bit Server VM"/>
    <property name="file.encoding.pkg" value="sun.io"/>
    <property name="user.script" value=""/>
    <property name="user.country" value="CN"/>
    <property name="sun.java.launcher" value="SUN_STANDARD"/>
    <property name="sun.os.patch.level" value="Service Pack 1"/>
    <property name="java.vm.specification.name" value="Java Virtual Machine Specification"/>
    <property name="user.dir" value="F:\MyEclipseWorkspaces\oaZD"/>
    <property name="java.runtime.version" value="1.7.0_17-b02"/>
    <property name="java.awt.graphicsenv" value="sun.awt.Win32GraphicsEnvironment"/>
    <property name="java.endorsed.dirs" value="C:\Program Files\Java\jdk1.7.0_17\jre\lib\endorsed"/>
    <property name="os.arch" value="amd64"/>
    <property name="java.io.tmpdir" value="C:\Users\ADMINI~1\AppData\Local\Temp\"/>
    <property name="line.separator" value="
"/>
    <property name="java.vm.specification.vendor" value="Oracle Corporation"/>
    <property name="user.variant" value=""/>
    <property name="os.name" value="Windows 7"/>
    <property name="classworlds.conf" value="F:\MyEclipseWorkspaces\.metadata\.plugins\org.eclipse.m2e.core\launches\m2conf1118259847104972907.tmp"/>
    <property name="sun.jnu.encoding" value="GBK"/>
    <property name="java.library.path" value="C:\Program Files\Java\jdk1.7.0_17\bin;C:\Windows\Sun\Java\bin;C:\Windows\system32;C:\Windows;F:/MyEclipse/binary/com.sun.java.jdk.win32.x86_1.6.0.u43/jre/bin/client;F:/MyEclipse/binary/com.sun.java.jdk.win32.x86_1.6.0.u43/jre/bin;F:/MyEclipse/binary/com.sun.java.jdk.win32.x86_1.6.0.u43/jre/lib/i386;C:\Perl64\site\bin;C:\Perl64\bin;c:\program files (x86)\graphicsmagick-1.3.25-q16;C:\Program Files\Java\jdk1.7.0_17\bin;C:\Program Files (x86)\Git\bin;C:\wamp\bin\mysql\mysql5.5.8\bin;C:\Windows\system32;C:\Windows;C:\Windows\System32\Wbem;C:\Windows\System32\WindowsPowerShell\v1.0\;C:\Program Files (x86)\Windows7Master;F:\New Folder\bin;C:\Program Files\TortoiseGit\bin;C:\Python27;F:\maven\bin;F:\maven\bin;C:\development\nvm;C:\development\nodejs;C:\development\nvm\npm;C:\Program Files\MongoDB 2.6 Standard\bin;C:\Program Files (x86)\GraphicsMagick-1.3.25-Q16;."/>
    <property name="java.specification.name" value="Java Platform API Specification"/>
    <property name="java.class.version" value="51.0"/>
    <property name="sun.management.compiler" value="HotSpot 64-Bit Tiered Compilers"/>
    <property name="os.version" value="6.1"/>
    <property name="user.home" value="D:"/>
    <property name="user.timezone" value="GMT+08:00"/>
    <property name="java.awt.printerjob" value="sun.awt.windows.WPrinterJob"/>
    <property name="java.specification.version" value="1.7"/>
    <property name="file.encoding" value="GBK"/>
    <property name="user.name" value="Administrator"/>
    <property name="java.class.path" value="F:\maven\boot\plexus-classworlds-2.4.jar"/>
    <property name="java.vm.specification.version" value="1.7"/>
    <property name="sun.arch.data.model" value="64"/>
    <property name="java.home" value="C:\Program Files\Java\jdk1.7.0_17\jre"/>
    <property name="sun.java.command" value="org.codehaus.plexus.classworlds.launcher.Launcher -B -s F:\maven\conf\settings.xml install"/>
    <property name="java.specification.vendor" value="Oracle Corporation"/>
    <property name="user.language" value="zh"/>
    <property name="awt.toolkit" value="sun.awt.windows.WToolkit"/>
    <property name="java.vm.info" value="mixed mode"/>
    <property name="java.version" value="1.7.0_17"/>
    <property name="java.ext.dirs" value="C:\Program Files\Java\jdk1.7.0_17\jre\lib\ext;C:\Windows\Sun\Java\lib\ext"/>
    <property name="sun.boot.class.path" value="C:\Program Files\Java\jdk1.7.0_17\jre\lib\resources.jar;C:\Program Files\Java\jdk1.7.0_17\jre\lib\rt.jar;C:\Program Files\Java\jdk1.7.0_17\jre\lib\sunrsasign.jar;C:\Program Files\Java\jdk1.7.0_17\jre\lib\jsse.jar;C:\Program Files\Java\jdk1.7.0_17\jre\lib\jce.jar;C:\Program Files\Java\jdk1.7.0_17\jre\lib\charsets.jar;C:\Program Files\Java\jdk1.7.0_17\jre\lib\jfr.jar;C:\Program Files\Java\jdk1.7.0_17\jre\classes"/>
    <property name="java.vendor" value="Oracle Corporation"/>
    <property name="maven.home" value="F:\maven"/>
    <property name="file.separator" value="\"/>
    <property name="java.vendor.url.bug" value="http://bugreport.sun.com/bugreport/"/>
    <property name="sun.cpu.endian" value="little"/>
    <property name="sun.io.unicode.encoding" value="UnicodeLittle"/>
    <property name="sun.desktop" value="windows"/>
    <property name="sun.cpu.isalist" value="amd64"/>
  </properties>
  <testcase time="0.509" classname="cn.wang.oaA.test.UserTest" name="test"/>
</testsuite>