<?xml version="1.0" encoding="UTF-8" ?>
<testsuite failures="0" time="1.871" errors="1" skipped="0" tests="3" name="cn.wang.oaA.test.MenuitemTest">
  <properties>
    <property name="java.runtime.name" value="Java(TM) SE Runtime Environment"/>
    <property name="sun.boot.library.path" value="C:\Program Files\Java\jdk1.7.0_17\jre\bin"/>
    <property name="java.vm.version" value="23.7-b01"/>
    <property name="java.vm.vendor" value="Oracle Corporation"/>
    <property name="java.vendor.url" value="http://java.oracle.com/"/>
    <property name="path.separator" value=";"/>
    <property name="guice.disable.misplaced.annotation.check" value="true"/>
    <property name="java.vm.name" value="Java HotSpot(TM) 64-Bit Server VM"/>
    <property name="file.encoding.pkg" value="sun.io"/>
    <property name="user.script" value=""/>
    <property name="user.country" value="CN"/>
    <property name="sun.java.launcher" value="SUN_STANDARD"/>
    <property name="sun.os.patch.level" value="Service Pack 1"/>
    <property name="java.vm.specification.name" value="Java Virtual Machine Specification"/>
    <property name="user.dir" value="F:\MyEclipseWorkspaces\oaZD"/>
    <property name="java.runtime.version" value="1.7.0_17-b02"/>
    <property name="java.awt.graphicsenv" value="sun.awt.Win32GraphicsEnvironment"/>
    <property name="java.endorsed.dirs" value="C:\Program Files\Java\jdk1.7.0_17\jre\lib\endorsed"/>
    <property name="os.arch" value="amd64"/>
    <property name="java.io.tmpdir" value="C:\Users\ADMINI~1\AppData\Local\Temp\"/>
    <property name="line.separator" value="
"/>
    <property name="java.vm.specification.vendor" value="Oracle Corporation"/>
    <property name="user.variant" value=""/>
    <property name="os.name" value="Windows 7"/>
    <property name="classworlds.conf" value="F:\MyEclipseWorkspaces\.metadata\.plugins\org.eclipse.m2e.core\launches\m2conf1118259847104972907.tmp"/>
    <property name="sun.jnu.encoding" value="GBK"/>
    <property name="java.library.path" value="C:\Program Files\Java\jdk1.7.0_17\bin;C:\Windows\Sun\Java\bin;C:\Windows\system32;C:\Windows;F:/MyEclipse/binary/com.sun.java.jdk.win32.x86_1.6.0.u43/jre/bin/client;F:/MyEclipse/binary/com.sun.java.jdk.win32.x86_1.6.0.u43/jre/bin;F:/MyEclipse/binary/com.sun.java.jdk.win32.x86_1.6.0.u43/jre/lib/i386;C:\Perl64\site\bin;C:\Perl64\bin;c:\program files (x86)\graphicsmagick-1.3.25-q16;C:\Program Files\Java\jdk1.7.0_17\bin;C:\Program Files (x86)\Git\bin;C:\wamp\bin\mysql\mysql5.5.8\bin;C:\Windows\system32;C:\Windows;C:\Windows\System32\Wbem;C:\Windows\System32\WindowsPowerShell\v1.0\;C:\Program Files (x86)\Windows7Master;F:\New Folder\bin;C:\Program Files\TortoiseGit\bin;C:\Python27;F:\maven\bin;F:\maven\bin;C:\development\nvm;C:\development\nodejs;C:\development\nvm\npm;C:\Program Files\MongoDB 2.6 Standard\bin;C:\Program Files (x86)\GraphicsMagick-1.3.25-Q16;."/>
    <property name="java.specification.name" value="Java Platform API Specification"/>
    <property name="java.class.version" value="51.0"/>
    <property name="sun.management.compiler" value="HotSpot 64-Bit Tiered Compilers"/>
    <property name="os.version" value="6.1"/>
    <property name="user.home" value="D:"/>
    <property name="user.timezone" value="GMT+08:00"/>
    <property name="java.awt.printerjob" value="sun.awt.windows.WPrinterJob"/>
    <property name="java.specification.version" value="1.7"/>
    <property name="file.encoding" value="GBK"/>
    <property name="user.name" value="Administrator"/>
    <property name="java.class.path" value="F:\maven\boot\plexus-classworlds-2.4.jar"/>
    <property name="java.vm.specification.version" value="1.7"/>
    <property name="sun.arch.data.model" value="64"/>
    <property name="java.home" value="C:\Program Files\Java\jdk1.7.0_17\jre"/>
    <property name="sun.java.command" value="org.codehaus.plexus.classworlds.launcher.Launcher -B -s F:\maven\conf\settings.xml install"/>
    <property name="java.specification.vendor" value="Oracle Corporation"/>
    <property name="user.language" value="zh"/>
    <property name="awt.toolkit" value="sun.awt.windows.WToolkit"/>
    <property name="java.vm.info" value="mixed mode"/>
    <property name="java.version" value="1.7.0_17"/>
    <property name="java.ext.dirs" value="C:\Program Files\Java\jdk1.7.0_17\jre\lib\ext;C:\Windows\Sun\Java\lib\ext"/>
    <property name="sun.boot.class.path" value="C:\Program Files\Java\jdk1.7.0_17\jre\lib\resources.jar;C:\Program Files\Java\jdk1.7.0_17\jre\lib\rt.jar;C:\Program Files\Java\jdk1.7.0_17\jre\lib\sunrsasign.jar;C:\Program Files\Java\jdk1.7.0_17\jre\lib\jsse.jar;C:\Program Files\Java\jdk1.7.0_17\jre\lib\jce.jar;C:\Program Files\Java\jdk1.7.0_17\jre\lib\charsets.jar;C:\Program Files\Java\jdk1.7.0_17\jre\lib\jfr.jar;C:\Program Files\Java\jdk1.7.0_17\jre\classes"/>
    <property name="java.vendor" value="Oracle Corporation"/>
    <property name="maven.home" value="F:\maven"/>
    <property name="file.separator" value="\"/>
    <property name="java.vendor.url.bug" value="http://bugreport.sun.com/bugreport/"/>
    <property name="sun.cpu.endian" value="little"/>
    <property name="sun.io.unicode.encoding" value="UnicodeLittle"/>
    <property name="sun.desktop" value="windows"/>
    <property name="sun.cpu.isalist" value="amd64"/>
  </properties>
  <testcase time="0.655" classname="cn.wang.oaA.test.MenuitemTest" name="saveMenuitem_Privilege"/>
  <testcase time="0.773" classname="cn.wang.oaA.test.MenuitemTest" name="updateMenuitem_Privilege"/>
  <testcase time="0.442" classname="cn.wang.oaA.test.MenuitemTest" name="addMenuItem">
    <error message="could not insert: [cn.wang.oaA.domain.menuitem.Menuitem]" type="org.hibernate.exception.ConstraintViolationException">org.hibernate.exception.ConstraintViolationException: could not insert: [cn.wang.oaA.domain.menuitem.Menuitem]
	at org.hibernate.exception.SQLStateConverter.convert(SQLStateConverter.java:96)
	at org.hibernate.exception.JDBCExceptionHelper.convert(JDBCExceptionHelper.java:66)
	at org.hibernate.persister.entity.AbstractEntityPersister.insert(AbstractEntityPersister.java:2455)
	at org.hibernate.persister.entity.AbstractEntityPersister.insert(AbstractEntityPersister.java:2875)
	at org.hibernate.action.EntityInsertAction.execute(EntityInsertAction.java:79)
	at org.hibernate.engine.ActionQueue.execute(ActionQueue.java:273)
	at org.hibernate.engine.ActionQueue.executeActions(ActionQueue.java:265)
	at org.hibernate.engine.ActionQueue.executeActions(ActionQueue.java:184)
	at org.hibernate.event.def.AbstractFlushingEventListener.performExecutions(AbstractFlushingEventListener.java:321)
	at org.hibernate.event.def.DefaultFlushEventListener.onFlush(DefaultFlushEventListener.java:51)
	at org.hibernate.impl.SessionImpl.flush(SessionImpl.java:1216)
	at org.hibernate.impl.SessionImpl.managedFlush(SessionImpl.java:383)
	at org.hibernate.transaction.JDBCTransaction.commit(JDBCTransaction.java:133)
	at cn.wang.oaA.test.MenuitemTest.addMenuItem(MenuitemTest.java:418)
	at sun.reflect.NativeMethodAccessorImpl.invoke0(Native Method)
	at sun.reflect.NativeMethodAccessorImpl.invoke(NativeMethodAccessorImpl.java:57)
	at sun.reflect.DelegatingMethodAccessorImpl.invoke(DelegatingMethodAccessorImpl.java:43)
	at java.lang.reflect.Method.invoke(Method.java:601)
	at org.junit.runners.model.FrameworkMethod$1.runReflectiveCall(FrameworkMethod.java:44)
	at org.junit.internal.runners.model.ReflectiveCallable.run(ReflectiveCallable.java:15)
	at org.junit.runners.model.FrameworkMethod.invokeExplosively(FrameworkMethod.java:41)
	at org.junit.internal.runners.statements.InvokeMethod.evaluate(InvokeMethod.java:20)
	at org.junit.runners.ParentRunner.runLeaf(ParentRunner.java:263)
	at org.junit.runners.BlockJUnit4ClassRunner.runChild(BlockJUnit4ClassRunner.java:69)
	at org.junit.runners.BlockJUnit4ClassRunner.runChild(BlockJUnit4ClassRunner.java:48)
	at org.junit.runners.ParentRunner$3.run(ParentRunner.java:231)
	at org.junit.runners.ParentRunner$1.schedule(ParentRunner.java:60)
	at org.junit.runners.ParentRunner.runChildren(ParentRunner.java:229)
	at org.junit.runners.ParentRunner.access$000(ParentRunner.java:50)
	at org.junit.runners.ParentRunner$2.evaluate(ParentRunner.java:222)
	at org.junit.runners.ParentRunner.run(ParentRunner.java:292)
	at org.apache.maven.surefire.junit4.JUnit4TestSet.execute(JUnit4TestSet.java:53)
	at org.apache.maven.surefire.junit4.JUnit4Provider.executeTestSet(JUnit4Provider.java:123)
	at org.apache.maven.surefire.junit4.JUnit4Provider.invoke(JUnit4Provider.java:104)
	at sun.reflect.NativeMethodAccessorImpl.invoke0(Native Method)
	at sun.reflect.NativeMethodAccessorImpl.invoke(NativeMethodAccessorImpl.java:57)
	at sun.reflect.DelegatingMethodAccessorImpl.invoke(DelegatingMethodAccessorImpl.java:43)
	at java.lang.reflect.Method.invoke(Method.java:601)
	at org.apache.maven.surefire.util.ReflectionUtils.invokeMethodWithArray(ReflectionUtils.java:164)
	at org.apache.maven.surefire.booter.ProviderFactory$ProviderProxy.invoke(ProviderFactory.java:110)
	at org.apache.maven.surefire.booter.SurefireStarter.invokeProvider(SurefireStarter.java:175)
	at org.apache.maven.surefire.booter.SurefireStarter.runSuitesInProcessWhenForked(SurefireStarter.java:107)
	at org.apache.maven.surefire.booter.ForkedBooter.main(ForkedBooter.java:68)
Caused by: java.sql.BatchUpdateException: Duplicate entry &apos;5&apos; for key &apos;PRIMARY&apos;
	at com.mysql.jdbc.PreparedStatement.executeBatchSerially(PreparedStatement.java:2054)
	at com.mysql.jdbc.PreparedStatement.executeBatch(PreparedStatement.java:1467)
	at org.hibernate.jdbc.BatchingBatcher.doExecuteBatch(BatchingBatcher.java:70)
	at org.hibernate.jdbc.BatchingBatcher.addToBatch(BatchingBatcher.java:56)
	at org.hibernate.persister.entity.AbstractEntityPersister.insert(AbstractEntityPersister.java:2435)
	... 40 more
Caused by: com.mysql.jdbc.exceptions.jdbc4.MySQLIntegrityConstraintViolationException: Duplicate entry &apos;5&apos; for key &apos;PRIMARY&apos;
	at sun.reflect.NativeConstructorAccessorImpl.newInstance0(Native Method)
	at sun.reflect.NativeConstructorAccessorImpl.newInstance(NativeConstructorAccessorImpl.java:57)
	at sun.reflect.DelegatingConstructorAccessorImpl.newInstance(DelegatingConstructorAccessorImpl.java:45)
	at java.lang.reflect.Constructor.newInstance(Constructor.java:525)
	at com.mysql.jdbc.Util.handleNewInstance(Util.java:411)
	at com.mysql.jdbc.Util.getInstance(Util.java:386)
	at com.mysql.jdbc.SQLError.createSQLException(SQLError.java:1041)
	at com.mysql.jdbc.MysqlIO.checkErrorPacket(MysqlIO.java:4187)
	at com.mysql.jdbc.MysqlIO.checkErrorPacket(MysqlIO.java:4119)
	at com.mysql.jdbc.MysqlIO.sendCommand(MysqlIO.java:2570)
	at com.mysql.jdbc.MysqlIO.sqlQueryDirect(MysqlIO.java:2731)
	at com.mysql.jdbc.ConnectionImpl.execSQL(ConnectionImpl.java:2815)
	at com.mysql.jdbc.PreparedStatement.executeInternal(PreparedStatement.java:2155)
	at com.mysql.jdbc.PreparedStatement.executeUpdate(PreparedStatement.java:2458)
	at com.mysql.jdbc.PreparedStatement.executeBatchSerially(PreparedStatement.java:2006)
	... 44 more
</error>
    <system-out>Hibernate: 
    select
        propertyim0_.KEY_ as KEY1_450_,
        propertyim0_.VERSION_ as VERSION2_450_,
        propertyim0_.VALUE_ as VALUE3_450_ 
    from
        JBPM4_PROPERTY propertyim0_ limit ?
Hibernate: 
    select
        propertyim0_.KEY_ as KEY1_450_0_,
        propertyim0_.VERSION_ as VERSION2_450_0_,
        propertyim0_.VALUE_ as VALUE3_450_0_ 
    from
        JBPM4_PROPERTY propertyim0_ 
    where
        propertyim0_.KEY_=?
Hibernate: 
    insert 
    into
        Menuitem
        (pid, name, icon, isParent, mid) 
    values
        (?, ?, ?, ?, ?)
Hibernate: 
    insert 
    into
        Menuitem
        (pid, name, icon, isParent, mid) 
    values
        (?, ?, ?, ?, ?)
Hibernate: 
    insert 
    into
        Menuitem
        (pid, name, icon, isParent, mid) 
    values
        (?, ?, ?, ?, ?)
Hibernate: 
    insert 
    into
        Menuitem
        (pid, name, icon, isParent, mid) 
    values
        (?, ?, ?, ?, ?)
Hibernate: 
    insert 
    into
        Menuitem
        (pid, name, icon, isParent, mid) 
    values
        (?, ?, ?, ?, ?)
Hibernate: 
    insert 
    into
        Menuitem
        (pid, name, icon, isParent, mid) 
    values
        (?, ?, ?, ?, ?)
Hibernate: 
    insert 
    into
        Menuitem
        (pid, name, icon, isParent, mid) 
    values
        (?, ?, ?, ?, ?)
Hibernate: 
    insert 
    into
        Menuitem
        (pid, name, icon, isParent, mid) 
    values
        (?, ?, ?, ?, ?)
Hibernate: 
    insert 
    into
        Menuitem
        (pid, name, icon, isParent, mid) 
    values
        (?, ?, ?, ?, ?)
Hibernate: 
    insert 
    into
        Menuitem
        (pid, name, icon, isParent, mid) 
    values
        (?, ?, ?, ?, ?)
Hibernate: 
    insert 
    into
        Menuitem
        (pid, name, icon, isParent, mid) 
    values
        (?, ?, ?, ?, ?)
Hibernate: 
    insert 
    into
        Menuitem
        (pid, name, icon, isParent, mid) 
    values
        (?, ?, ?, ?, ?)
Hibernate: 
    insert 
    into
        Menuitem
        (pid, name, icon, isParent, mid) 
    values
        (?, ?, ?, ?, ?)
Hibernate: 
    insert 
    into
        Menuitem
        (pid, name, icon, isParent, mid) 
    values
        (?, ?, ?, ?, ?)
Hibernate: 
    insert 
    into
        Menuitem
        (pid, name, icon, isParent, mid) 
    values
        (?, ?, ?, ?, ?)
</system-out>
  </testcase>
</testsuite>